
*** Running vivado
    with args -log mse_mandelbrot.vds -m64 -product Vivado -mode batch -messageDb vivado.pb -notrace -source mse_mandelbrot.tcl


****** Vivado v2017.4 (64-bit)
  **** SW Build 2086221 on Fri Dec 15 20:54:30 MST 2017
  **** IP Build 2085800 on Fri Dec 15 22:25:07 MST 2017
    ** Copyright 1986-2017 Xilinx, Inc. All Rights Reserved.

source mse_mandelbrot.tcl -notrace
Command: synth_design -top mse_mandelbrot -part xc7a200tsbg484-1
Starting synth_design
Attempting to get a license for feature 'Synthesis' and/or device 'xc7a200t'
INFO: [Common 17-349] Got license for feature 'Synthesis' and/or device 'xc7a200t'
INFO: Launching helper process for spawning children vivado processes
INFO: Helper process launched with PID 15806 
---------------------------------------------------------------------------------
Starting RTL Elaboration : Time (s): cpu = 00:00:07 ; elapsed = 00:00:08 . Memory (MB): peak = 1250.035 ; gain = 74.973 ; free physical = 16737 ; free virtual = 21486
---------------------------------------------------------------------------------
INFO: [Synth 8-638] synthesizing module 'mse_mandelbrot' [/home/quartus/Documents/TP/TP_0/mse_mandelbrot_no_bram/ip/hdl/src/mse_mandelbrot.vhd:51]
	Parameter C_CHANNEL_NUMBER bound to: 4 - type: integer 
INFO: [Synth 8-638] synthesizing module 'hdmi' [/home/quartus/Documents/TP/TP_0/mse_mandelbrot_no_bram/ip/hdl/src/hdmi.vhd:62]
	Parameter C_CHANNEL_NUMBER bound to: 4 - type: integer 
	Parameter C_DATA_SIZE bound to: 16 - type: integer 
	Parameter C_PIXEL_SIZE bound to: 8 - type: integer 
	Parameter C_VGA_CONFIG bound to: 192'b000001000000000000000010010110000000000010100000000000001000110000000000000011000000000000010100000000000001010000000000000000110000010101000000000000100111101100000000000000000000000000000000 
	Parameter C_RESOLUTION bound to: 1024x600 - type: string 
INFO: [Synth 8-113] binding component instance 'BUFGClkSysToClkVgaHdmixI' to cell 'BUFG' [/home/quartus/Documents/TP/TP_0/mse_mandelbrot_no_bram/ip/hdl/src/hdmi.vhd:363]
INFO: [Synth 8-3491] module 'clk_vga_hdmi_1024x600' declared at '/home/quartus/Documents/TP/TP_0/mse_mandelbrot_no_bram/mse_mandelbrot.runs/synth_1/.Xil/Vivado-15792-quartus/realtime/clk_vga_hdmi_1024x600_stub.vhdl:5' bound to instance 'ClkVgaHdmi1024x600xI' of component 'clk_vga_hdmi_1024x600' [/home/quartus/Documents/TP/TP_0/mse_mandelbrot_no_bram/ip/hdl/src/hdmi.vhd:380]
INFO: [Synth 8-638] synthesizing module 'clk_vga_hdmi_1024x600' [/home/quartus/Documents/TP/TP_0/mse_mandelbrot_no_bram/mse_mandelbrot.runs/synth_1/.Xil/Vivado-15792-quartus/realtime/clk_vga_hdmi_1024x600_stub.vhdl:16]
INFO: [Synth 8-638] synthesizing module 'vga' [/home/quartus/Documents/TP/TP_0/mse_mandelbrot_no_bram/ip/hdl/src/vga.vhd:47]
	Parameter C_DATA_SIZE bound to: 16 - type: integer 
	Parameter C_PIXEL_SIZE bound to: 8 - type: integer 
	Parameter C_VGA_CONFIG bound to: 192'b000001000000000000000010010110000000000010100000000000001000110000000000000011000000000000010100000000000001010000000000000000110000010101000000000000100111101100000000000000000000000000000000 
INFO: [Synth 8-638] synthesizing module 'vga_stripes' [/home/quartus/Documents/TP/TP_0/mse_mandelbrot_no_bram/ip/hdl/src/vga_stripes.vhd:46]
	Parameter C_DATA_SIZE bound to: 16 - type: integer 
	Parameter C_PIXEL_SIZE bound to: 8 - type: integer 
	Parameter C_VGA_CONFIG bound to: 192'b000001000000000000000010010110000000000010100000000000001000110000000000000011000000000000010100000000000001010000000000000000110000010101000000000000100111101100000000000000000000000000000000 
INFO: [Synth 8-256] done synthesizing module 'vga_stripes' (1#1) [/home/quartus/Documents/TP/TP_0/mse_mandelbrot_no_bram/ip/hdl/src/vga_stripes.vhd:46]
INFO: [Synth 8-638] synthesizing module 'vga_controler' [/home/quartus/Documents/TP/TP_0/mse_mandelbrot_no_bram/ip/hdl/src/vga_controler.vhd:45]
	Parameter C_DATA_SIZE bound to: 16 - type: integer 
	Parameter C_VGA_CONFIG bound to: 192'b000001000000000000000010010110000000000010100000000000001000110000000000000011000000000000010100000000000001010000000000000000110000010101000000000000100111101100000000000000000000000000000000 
INFO: [Synth 8-256] done synthesizing module 'vga_controler' (2#1) [/home/quartus/Documents/TP/TP_0/mse_mandelbrot_no_bram/ip/hdl/src/vga_controler.vhd:45]
INFO: [Synth 8-256] done synthesizing module 'vga' (3#1) [/home/quartus/Documents/TP/TP_0/mse_mandelbrot_no_bram/ip/hdl/src/vga.vhd:47]
INFO: [Synth 8-638] synthesizing module 'vga_to_hdmi' [/home/quartus/Documents/TP/TP_0/mse_mandelbrot_no_bram/ip/hdl/src/vga_to_hdmi.vhd:47]
	Parameter C_PIXEL_SIZE bound to: 8 - type: integer 
	Parameter C_CHANNEL_NUMBER bound to: 4 - type: integer 
INFO: [Synth 8-638] synthesizing module 'tmds_encoder' [/home/quartus/Documents/TP/TP_0/mse_mandelbrot_no_bram/ip/hdl/src/tmds_encoder.vhd:43]
	Parameter C_TMDS_DATA_SIZE bound to: 8 - type: integer 
	Parameter C_TMDS_ENCODED_DATA_SIZE bound to: 10 - type: integer 
INFO: [Synth 8-256] done synthesizing module 'tmds_encoder' (4#1) [/home/quartus/Documents/TP/TP_0/mse_mandelbrot_no_bram/ip/hdl/src/tmds_encoder.vhd:43]
INFO: [Synth 8-638] synthesizing module 'serializer_10_to_1' [/home/quartus/Documents/TP/TP_0/mse_mandelbrot_no_bram/ip/hdl/src/serializer_10_to_1.vhd:45]
	Parameter C_TMDS_ENCODED_DATA_SIZE bound to: 10 - type: integer 
	Parameter DATA_RATE_OQ bound to: DDR - type: string 
	Parameter DATA_RATE_TQ bound to: DDR - type: string 
	Parameter DATA_WIDTH bound to: 10 - type: integer 
	Parameter INIT_OQ bound to: 1'b1 
	Parameter INIT_TQ bound to: 1'b1 
	Parameter IS_CLKDIV_INVERTED bound to: 1'b0 
	Parameter IS_CLK_INVERTED bound to: 1'b0 
	Parameter IS_D1_INVERTED bound to: 1'b0 
	Parameter IS_D2_INVERTED bound to: 1'b0 
	Parameter IS_D3_INVERTED bound to: 1'b0 
	Parameter IS_D4_INVERTED bound to: 1'b0 
	Parameter IS_D5_INVERTED bound to: 1'b0 
	Parameter IS_D6_INVERTED bound to: 1'b0 
	Parameter IS_D7_INVERTED bound to: 1'b0 
	Parameter IS_D8_INVERTED bound to: 1'b0 
	Parameter IS_T1_INVERTED bound to: 1'b0 
	Parameter IS_T2_INVERTED bound to: 1'b0 
	Parameter IS_T3_INVERTED bound to: 1'b0 
	Parameter IS_T4_INVERTED bound to: 1'b0 
	Parameter SERDES_MODE bound to: MASTER - type: string 
	Parameter SRVAL_OQ bound to: 1'b0 
	Parameter SRVAL_TQ bound to: 1'b0 
	Parameter TBYTE_CTL bound to: FALSE - type: string 
	Parameter TBYTE_SRC bound to: FALSE - type: string 
	Parameter TRISTATE_WIDTH bound to: 1 - type: integer 
INFO: [Synth 8-113] binding component instance 'MasterOSERDESE2xI' to cell 'OSERDESE2' [/home/quartus/Documents/TP/TP_0/mse_mandelbrot_no_bram/ip/hdl/src/serializer_10_to_1.vhd:62]
	Parameter DATA_RATE_OQ bound to: DDR - type: string 
	Parameter DATA_RATE_TQ bound to: DDR - type: string 
	Parameter DATA_WIDTH bound to: 10 - type: integer 
	Parameter INIT_OQ bound to: 1'b1 
	Parameter INIT_TQ bound to: 1'b1 
	Parameter IS_CLKDIV_INVERTED bound to: 1'b0 
	Parameter IS_CLK_INVERTED bound to: 1'b0 
	Parameter IS_D1_INVERTED bound to: 1'b0 
	Parameter IS_D2_INVERTED bound to: 1'b0 
	Parameter IS_D3_INVERTED bound to: 1'b0 
	Parameter IS_D4_INVERTED bound to: 1'b0 
	Parameter IS_D5_INVERTED bound to: 1'b0 
	Parameter IS_D6_INVERTED bound to: 1'b0 
	Parameter IS_D7_INVERTED bound to: 1'b0 
	Parameter IS_D8_INVERTED bound to: 1'b0 
	Parameter IS_T1_INVERTED bound to: 1'b0 
	Parameter IS_T2_INVERTED bound to: 1'b0 
	Parameter IS_T3_INVERTED bound to: 1'b0 
	Parameter IS_T4_INVERTED bound to: 1'b0 
	Parameter SERDES_MODE bound to: SLAVE - type: string 
	Parameter SRVAL_OQ bound to: 1'b0 
	Parameter SRVAL_TQ bound to: 1'b0 
	Parameter TBYTE_CTL bound to: FALSE - type: string 
	Parameter TBYTE_SRC bound to: FALSE - type: string 
	Parameter TRISTATE_WIDTH bound to: 1 - type: integer 
INFO: [Synth 8-113] binding component instance 'SlaveOSERDESE2xI' to cell 'OSERDESE2' [/home/quartus/Documents/TP/TP_0/mse_mandelbrot_no_bram/ip/hdl/src/serializer_10_to_1.vhd:108]
INFO: [Synth 8-256] done synthesizing module 'serializer_10_to_1' (5#1) [/home/quartus/Documents/TP/TP_0/mse_mandelbrot_no_bram/ip/hdl/src/serializer_10_to_1.vhd:45]
	Parameter CAPACITANCE bound to: DONT_CARE - type: string 
	Parameter IOSTANDARD bound to: TMDS_33 - type: string 
	Parameter SLEW bound to: FAST - type: string 
INFO: [Synth 8-113] binding component instance 'OBUFDSHdmiTxCh0xI' to cell 'OBUFDS' [/home/quartus/Documents/TP/TP_0/mse_mandelbrot_no_bram/ip/hdl/src/vga_to_hdmi.vhd:207]
	Parameter CAPACITANCE bound to: DONT_CARE - type: string 
	Parameter IOSTANDARD bound to: TMDS_33 - type: string 
	Parameter SLEW bound to: FAST - type: string 
INFO: [Synth 8-113] binding component instance 'OBUFDSHdmiTxCh1xI' to cell 'OBUFDS' [/home/quartus/Documents/TP/TP_0/mse_mandelbrot_no_bram/ip/hdl/src/vga_to_hdmi.vhd:216]
	Parameter CAPACITANCE bound to: DONT_CARE - type: string 
	Parameter IOSTANDARD bound to: TMDS_33 - type: string 
	Parameter SLEW bound to: FAST - type: string 
INFO: [Synth 8-113] binding component instance 'OBUFDSHdmiTxCh2xI' to cell 'OBUFDS' [/home/quartus/Documents/TP/TP_0/mse_mandelbrot_no_bram/ip/hdl/src/vga_to_hdmi.vhd:225]
	Parameter CAPACITANCE bound to: DONT_CARE - type: string 
	Parameter IOSTANDARD bound to: TMDS_33 - type: string 
	Parameter SLEW bound to: FAST - type: string 
INFO: [Synth 8-113] binding component instance 'OBUFDSHdmiTxClkxI' to cell 'OBUFDS' [/home/quartus/Documents/TP/TP_0/mse_mandelbrot_no_bram/ip/hdl/src/vga_to_hdmi.vhd:234]
INFO: [Synth 8-256] done synthesizing module 'vga_to_hdmi' (6#1) [/home/quartus/Documents/TP/TP_0/mse_mandelbrot_no_bram/ip/hdl/src/vga_to_hdmi.vhd:47]
INFO: [Synth 8-256] done synthesizing module 'hdmi' (7#1) [/home/quartus/Documents/TP/TP_0/mse_mandelbrot_no_bram/ip/hdl/src/hdmi.vhd:62]
INFO: [Synth 8-638] synthesizing module 'image_generator' [/home/quartus/Documents/TP/TP_0/mse_mandelbrot_no_bram/ip/hdl/src/image_generator.vhd:46]
	Parameter C_DATA_SIZE bound to: 16 - type: integer 
	Parameter C_PIXEL_SIZE bound to: 8 - type: integer 
	Parameter C_VGA_CONFIG bound to: 192'b000001000000000000000010010110000000000010100000000000001000110000000000000011000000000000010100000000000001010000000000000000110000010101000000000000100111101100000000000000000000000000000000 
INFO: [Synth 8-256] done synthesizing module 'image_generator' (8#1) [/home/quartus/Documents/TP/TP_0/mse_mandelbrot_no_bram/ip/hdl/src/image_generator.vhd:46]
INFO: [Synth 8-256] done synthesizing module 'mse_mandelbrot' (9#1) [/home/quartus/Documents/TP/TP_0/mse_mandelbrot_no_bram/ip/hdl/src/mse_mandelbrot.vhd:51]
---------------------------------------------------------------------------------
Finished RTL Elaboration : Time (s): cpu = 00:00:08 ; elapsed = 00:00:09 . Memory (MB): peak = 1293.566 ; gain = 118.504 ; free physical = 16748 ; free virtual = 21497
---------------------------------------------------------------------------------

Report Check Netlist: 
+------+------------------+-------+---------+-------+------------------+
|      |Item              |Errors |Warnings |Status |Description       |
+------+------------------+-------+---------+-------+------------------+
|1     |multi_driven_nets |      0|        0|Passed |Multi driven nets |
+------+------------------+-------+---------+-------+------------------+
---------------------------------------------------------------------------------
Finished RTL Optimization Phase 1 : Time (s): cpu = 00:00:08 ; elapsed = 00:00:09 . Memory (MB): peak = 1293.566 ; gain = 118.504 ; free physical = 16747 ; free virtual = 21496
---------------------------------------------------------------------------------
INFO: [Netlist 29-17] Analyzing 4 Unisim elements for replacement
INFO: [Netlist 29-28] Unisim Transformation completed in 0 CPU seconds
INFO: [Device 21-403] Loading part xc7a200tsbg484-1
INFO: [Project 1-570] Preparing netlist for logic optimization

Processing XDC Constraints
Initializing timing engine
Parsing XDC File [/home/quartus/Documents/TP/TP_0/mse_mandelbrot_no_bram/mse_mandelbrot.runs/synth_1/.Xil/Vivado-15792-quartus/dcp1/clk_vga_hdmi_1024x600_in_context.xdc] for cell 'HdmixI/ClkVgaHdmi1024x600xG.ClkVgaHdmi1024x600xI'
Finished Parsing XDC File [/home/quartus/Documents/TP/TP_0/mse_mandelbrot_no_bram/mse_mandelbrot.runs/synth_1/.Xil/Vivado-15792-quartus/dcp1/clk_vga_hdmi_1024x600_in_context.xdc] for cell 'HdmixI/ClkVgaHdmi1024x600xG.ClkVgaHdmi1024x600xI'
Parsing XDC File [/home/quartus/Documents/TP/TP_0/mse_mandelbrot_no_bram/constr/Nexys-Video-Master.xdc]
Finished Parsing XDC File [/home/quartus/Documents/TP/TP_0/mse_mandelbrot_no_bram/constr/Nexys-Video-Master.xdc]
INFO: [Project 1-236] Implementation specific constraints were found while reading constraint file [/home/quartus/Documents/TP/TP_0/mse_mandelbrot_no_bram/constr/Nexys-Video-Master.xdc]. These constraints will be ignored for synthesis but will be used in implementation. Impacted constraints are listed in the file [.Xil/mse_mandelbrot_propImpl.xdc].
Resolution: To avoid this warning, move constraints listed in [.Xil/mse_mandelbrot_propImpl.xdc] to another XDC file and exclude this new file from synthesis with the used_in_synthesis property (File Properties dialog in GUI) and re-run elaboration/synthesis.
Completed Processing XDC Constraints

INFO: [Project 1-111] Unisim Transformation Summary:
No Unisim elements were transformed.

Constraint Validation Runtime : Time (s): cpu = 00:00:00 ; elapsed = 00:00:00 . Memory (MB): peak = 1699.426 ; gain = 0.000 ; free physical = 16454 ; free virtual = 21203
---------------------------------------------------------------------------------
Finished Constraint Validation : Time (s): cpu = 00:00:26 ; elapsed = 00:00:39 . Memory (MB): peak = 1699.426 ; gain = 524.363 ; free physical = 16532 ; free virtual = 21281
---------------------------------------------------------------------------------
---------------------------------------------------------------------------------
Start Loading Part and Timing Information
---------------------------------------------------------------------------------
Loading part: xc7a200tsbg484-1
---------------------------------------------------------------------------------
Finished Loading Part and Timing Information : Time (s): cpu = 00:00:26 ; elapsed = 00:00:39 . Memory (MB): peak = 1699.426 ; gain = 524.363 ; free physical = 16532 ; free virtual = 21281
---------------------------------------------------------------------------------
---------------------------------------------------------------------------------
Start Applying 'set_property' XDC Constraints
---------------------------------------------------------------------------------
Applied set_property DONT_TOUCH = true for HdmixI/\ClkVgaHdmi1024x600xG.ClkVgaHdmi1024x600xI . (constraint file  auto generated constraint, line ).
---------------------------------------------------------------------------------
Finished applying 'set_property' XDC Constraints : Time (s): cpu = 00:00:26 ; elapsed = 00:00:39 . Memory (MB): peak = 1699.426 ; gain = 524.363 ; free physical = 16534 ; free virtual = 21283
---------------------------------------------------------------------------------
INFO: [Synth 8-5546] ROM "VCountxD" won't be mapped to RAM because it is too sparse
INFO: [Synth 8-5546] ROM "VgaSyncxS[HSyncxS]" won't be mapped to RAM because it is too sparse
INFO: [Synth 8-5546] ROM "VgaSyncxS[VSyncxS]" won't be mapped to RAM because it is too sparse
INFO: [Synth 8-5818] HDL ADVISOR - The operator resource <adder> is shared. To prevent sharing consider applying a KEEP on the output of the operator [/home/quartus/Documents/TP/TP_0/mse_mandelbrot_no_bram/ip/hdl/src/tmds_encoder.vhd:204]
INFO: [Synth 8-5818] HDL ADVISOR - The operator resource <adder> is shared. To prevent sharing consider applying a KEEP on the output of the operator [/home/quartus/Documents/TP/TP_0/mse_mandelbrot_no_bram/ip/hdl/src/tmds_encoder.vhd:205]
INFO: [Synth 8-41] '+' operator could not be merged with '+' operator due to loss of accuracy [/home/quartus/Documents/TP/TP_0/mse_mandelbrot_no_bram/ip/hdl/src/tmds_encoder.vhd:126]
INFO: [Synth 8-41] '+' operator could not be merged with '+' operator due to loss of accuracy [/home/quartus/Documents/TP/TP_0/mse_mandelbrot_no_bram/ip/hdl/src/tmds_encoder.vhd:122]
---------------------------------------------------------------------------------
Finished RTL Optimization Phase 2 : Time (s): cpu = 00:00:27 ; elapsed = 00:00:40 . Memory (MB): peak = 1699.426 ; gain = 524.363 ; free physical = 16525 ; free virtual = 21274
---------------------------------------------------------------------------------

Report RTL Partitions: 
+-+--------------+------------+----------+
| |RTL Partition |Replication |Instances |
+-+--------------+------------+----------+
+-+--------------+------------+----------+
---------------------------------------------------------------------------------
Start RTL Component Statistics 
---------------------------------------------------------------------------------
Detailed RTL Component Info : 
+---Adders : 
	   2 Input     16 Bit       Adders := 2     
	   8 Input      4 Bit       Adders := 3     
	   9 Input      4 Bit       Adders := 3     
	   4 Input      4 Bit       Adders := 3     
	   3 Input      4 Bit       Adders := 3     
+---XORs : 
	   2 Input      1 Bit         XORs := 42    
+---Registers : 
	               24 Bit    Registers := 1     
	               16 Bit    Registers := 2     
	               10 Bit    Registers := 3     
	                4 Bit    Registers := 3     
	                1 Bit    Registers := 3     
+---Muxes : 
	   7 Input     24 Bit        Muxes := 1     
	   2 Input     16 Bit        Muxes := 4     
	   5 Input     10 Bit        Muxes := 6     
	   4 Input     10 Bit        Muxes := 3     
	   2 Input     10 Bit        Muxes := 9     
	   2 Input      9 Bit        Muxes := 6     
	   2 Input      8 Bit        Muxes := 3     
	   2 Input      4 Bit        Muxes := 12    
	   2 Input      1 Bit        Muxes := 8     
	   3 Input      1 Bit        Muxes := 2     
---------------------------------------------------------------------------------
Finished RTL Component Statistics 
---------------------------------------------------------------------------------
---------------------------------------------------------------------------------
Start RTL Hierarchical Component Statistics 
---------------------------------------------------------------------------------
Hierarchical RTL Component report 
Module vga_stripes 
Detailed RTL Component Info : 
+---Muxes : 
	   2 Input     16 Bit        Muxes := 2     
	   2 Input      8 Bit        Muxes := 3     
Module vga_controler 
Detailed RTL Component Info : 
+---Adders : 
	   2 Input     16 Bit       Adders := 2     
+---Registers : 
	               16 Bit    Registers := 2     
	                1 Bit    Registers := 3     
+---Muxes : 
	   2 Input     16 Bit        Muxes := 2     
	   2 Input      1 Bit        Muxes := 8     
	   3 Input      1 Bit        Muxes := 2     
Module tmds_encoder 
Detailed RTL Component Info : 
+---Adders : 
	   8 Input      4 Bit       Adders := 1     
	   9 Input      4 Bit       Adders := 1     
	   4 Input      4 Bit       Adders := 1     
	   3 Input      4 Bit       Adders := 1     
+---XORs : 
	   2 Input      1 Bit         XORs := 14    
+---Registers : 
	               10 Bit    Registers := 1     
	                4 Bit    Registers := 1     
+---Muxes : 
	   5 Input     10 Bit        Muxes := 2     
	   4 Input     10 Bit        Muxes := 1     
	   2 Input     10 Bit        Muxes := 3     
	   2 Input      9 Bit        Muxes := 2     
	   2 Input      4 Bit        Muxes := 4     
Module image_generator 
Detailed RTL Component Info : 
+---Registers : 
	               24 Bit    Registers := 1     
+---Muxes : 
	   7 Input     24 Bit        Muxes := 1     
---------------------------------------------------------------------------------
Finished RTL Hierarchical Component Statistics
---------------------------------------------------------------------------------
---------------------------------------------------------------------------------
Start Part Resource Summary
---------------------------------------------------------------------------------
Part Resources:
DSPs: 740 (col length:100)
BRAMs: 730 (col length: RAMB18 100 RAMB36 50)
---------------------------------------------------------------------------------
Finished Part Resource Summary
---------------------------------------------------------------------------------
---------------------------------------------------------------------------------
Start Cross Boundary and Area Optimization
---------------------------------------------------------------------------------
INFO: [Synth 8-5546] ROM "HdmixI/VgaxI/VgaControlerxI/VgaSyncxS[HSyncxS]" won't be mapped to RAM because it is too sparse
INFO: [Synth 8-5546] ROM "HdmixI/VgaxI/VgaControlerxI/VCountxD" won't be mapped to RAM because it is too sparse
INFO: [Synth 8-5546] ROM "HdmixI/VgaxI/VgaControlerxI/VgaSyncxS[VSyncxS]" won't be mapped to RAM because it is too sparse
INFO: [Synth 8-3886] merging instance 'ImageGeneratorxB.ImageGeneratorxI/DataxD_reg[6]' (FDC) to 'ImageGeneratorxB.ImageGeneratorxI/DataxD_reg[7]'
INFO: [Synth 8-3886] merging instance 'ImageGeneratorxB.ImageGeneratorxI/DataxD_reg[5]' (FDC) to 'ImageGeneratorxB.ImageGeneratorxI/DataxD_reg[1]'
INFO: [Synth 8-3886] merging instance 'ImageGeneratorxB.ImageGeneratorxI/DataxD_reg[4]' (FDC) to 'ImageGeneratorxB.ImageGeneratorxI/DataxD_reg[2]'
INFO: [Synth 8-3886] merging instance 'ImageGeneratorxB.ImageGeneratorxI/DataxD_reg[7]' (FDC) to 'ImageGeneratorxB.ImageGeneratorxI/DataxD_reg[3]'
INFO: [Synth 8-3886] merging instance 'ImageGeneratorxB.ImageGeneratorxI/DataxD_reg[3]' (FDC) to 'ImageGeneratorxB.ImageGeneratorxI/DataxD_reg[14]'
INFO: [Synth 8-3886] merging instance 'ImageGeneratorxB.ImageGeneratorxI/DataxD_reg[2]' (FDC) to 'ImageGeneratorxB.ImageGeneratorxI/DataxD_reg[22]'
INFO: [Synth 8-3886] merging instance 'ImageGeneratorxB.ImageGeneratorxI/DataxD_reg[1]' (FDC) to 'ImageGeneratorxB.ImageGeneratorxI/DataxD_reg[15]'
INFO: [Synth 8-3886] merging instance 'ImageGeneratorxB.ImageGeneratorxI/DataxD_reg[0]' (FDC) to 'ImageGeneratorxB.ImageGeneratorxI/DataxD_reg[8]'
INFO: [Synth 8-3886] merging instance 'ImageGeneratorxB.ImageGeneratorxI/DataxD_reg[14]' (FDC) to 'ImageGeneratorxB.ImageGeneratorxI/DataxD_reg[13]'
INFO: [Synth 8-3886] merging instance 'ImageGeneratorxB.ImageGeneratorxI/DataxD_reg[13]' (FDC) to 'ImageGeneratorxB.ImageGeneratorxI/DataxD_reg[12]'
INFO: [Synth 8-3886] merging instance 'ImageGeneratorxB.ImageGeneratorxI/DataxD_reg[12]' (FDC) to 'ImageGeneratorxB.ImageGeneratorxI/DataxD_reg[10]'
INFO: [Synth 8-3886] merging instance 'ImageGeneratorxB.ImageGeneratorxI/DataxD_reg[15]' (FDC) to 'ImageGeneratorxB.ImageGeneratorxI/DataxD_reg[11]'
INFO: [Synth 8-3886] merging instance 'ImageGeneratorxB.ImageGeneratorxI/DataxD_reg[11]' (FDC) to 'ImageGeneratorxB.ImageGeneratorxI/DataxD_reg[21]'
INFO: [Synth 8-3886] merging instance 'ImageGeneratorxB.ImageGeneratorxI/DataxD_reg[10]' (FDC) to 'ImageGeneratorxB.ImageGeneratorxI/DataxD_reg[9]'
INFO: [Synth 8-3886] merging instance 'ImageGeneratorxB.ImageGeneratorxI/DataxD_reg[9]' (FDC) to 'ImageGeneratorxB.ImageGeneratorxI/DataxD_reg[18]'
INFO: [Synth 8-3886] merging instance 'ImageGeneratorxB.ImageGeneratorxI/DataxD_reg[8]' (FDC) to 'ImageGeneratorxB.ImageGeneratorxI/DataxD_reg[19]'
INFO: [Synth 8-3886] merging instance 'ImageGeneratorxB.ImageGeneratorxI/DataxD_reg[22]' (FDC) to 'ImageGeneratorxB.ImageGeneratorxI/DataxD_reg[23]'
INFO: [Synth 8-3886] merging instance 'ImageGeneratorxB.ImageGeneratorxI/DataxD_reg[21]' (FDC) to 'ImageGeneratorxB.ImageGeneratorxI/DataxD_reg[17]'
INFO: [Synth 8-3886] merging instance 'ImageGeneratorxB.ImageGeneratorxI/DataxD_reg[20]' (FDC) to 'ImageGeneratorxB.ImageGeneratorxI/DataxD_reg[19]'
INFO: [Synth 8-3886] merging instance 'ImageGeneratorxB.ImageGeneratorxI/DataxD_reg[23]' (FDC) to 'ImageGeneratorxB.ImageGeneratorxI/DataxD_reg[16]'
INFO: [Synth 8-3886] merging instance 'HdmixI/VgaToHdmixI/TmdsEncoderC0xI/TmdsEncodedDataxDO_reg[7]' (FD) to 'HdmixI/VgaToHdmixI/TmdsEncoderC0xI/TmdsEncodedDataxDO_reg[5]'
INFO: [Synth 8-3886] merging instance 'HdmixI/VgaToHdmixI/TmdsEncoderC1xI/TmdsEncodedDataxDO_reg[6]' (FD) to 'HdmixI/VgaToHdmixI/TmdsEncoderC1xI/TmdsEncodedDataxDO_reg[4]'
INFO: [Synth 8-3886] merging instance 'HdmixI/VgaToHdmixI/TmdsEncoderC1xI/TmdsEncodedDataxDO_reg[5]' (FD) to 'HdmixI/VgaToHdmixI/TmdsEncoderC1xI/TmdsEncodedDataxDO_reg[3]'
INFO: [Synth 8-3886] merging instance 'HdmixI/VgaToHdmixI/TmdsEncoderC2xI/TmdsEncodedDataxDO_reg[7]' (FD) to 'HdmixI/VgaToHdmixI/TmdsEncoderC2xI/TmdsEncodedDataxDO_reg[5]'
INFO: [Synth 8-3886] merging instance 'HdmixI/VgaToHdmixI/TmdsEncoderC1xI/TmdsEncodedDataxDO_reg[7]' (FD) to 'HdmixI/VgaToHdmixI/TmdsEncoderC1xI/TmdsEncodedDataxDO_reg[1]'
INFO: [Synth 8-3886] merging instance 'HdmixI/VgaToHdmixI/TmdsEncoderC1xI/TmdsEncodedDataxDO_reg[1]' (FD) to 'HdmixI/VgaToHdmixI/TmdsEncoderC1xI/TmdsEncodedDataxDO_reg[0]'
INFO: [Synth 8-3886] merging instance 'HdmixI/VgaToHdmixI/TmdsEncoderC2xI/TmdsEncodedDataxDO_reg[4]' (FD) to 'HdmixI/VgaToHdmixI/TmdsEncoderC2xI/TmdsEncodedDataxDO_reg[2]'
---------------------------------------------------------------------------------
Finished Cross Boundary and Area Optimization : Time (s): cpu = 00:00:28 ; elapsed = 00:00:42 . Memory (MB): peak = 1699.426 ; gain = 524.363 ; free physical = 16500 ; free virtual = 21249
---------------------------------------------------------------------------------

Report RTL Partitions: 
+-+--------------+------------+----------+
| |RTL Partition |Replication |Instances |
+-+--------------+------------+----------+
+-+--------------+------------+----------+
---------------------------------------------------------------------------------
Start Applying XDC Timing Constraints
---------------------------------------------------------------------------------
INFO: [Synth 8-5578] Moved timing constraint from pin 'HdmixI/ClkVgaHdmi1024x600xG.ClkVgaHdmi1024x600xI/ClkSys100MhzxC' to pin 'HdmixI/ClkVgaHdmi1024x600xG.BUFGClkSysToClkVgaHdmixI/O'
INFO: [Synth 8-5578] Moved timing constraint from pin 'HdmixI/ClkVgaHdmi1024x600xG.ClkVgaHdmi1024x600xI/ClkHdmixC' to pin 'HdmixI/ClkVgaHdmi1024x600xG.ClkVgaHdmi1024x600xI/bbstub_ClkHdmixC/O'
INFO: [Synth 8-5783] Moving clock source from hierarchical pin 'HdmixI/ClkVgaHdmi1024x600xG.ClkVgaHdmi1024x600xI/ClkSys100MhzxC' to 'HdmixI/ClkVgaHdmi1024x600xG.BUFGClkSysToClkVgaHdmixI/O'
INFO: [Synth 8-5578] Moved timing constraint from pin 'HdmixI/ClkVgaHdmi1024x600xG.ClkVgaHdmi1024x600xI/ClkVgaxC' to pin 'HdmixI/ClkVgaHdmi1024x600xG.ClkVgaHdmi1024x600xI/bbstub_ClkVgaxC/O'
INFO: [Synth 8-5783] Moving clock source from hierarchical pin 'HdmixI/ClkVgaHdmi1024x600xG.ClkVgaHdmi1024x600xI/ClkSys100MhzxC' to 'HdmixI/ClkVgaHdmi1024x600xG.BUFGClkSysToClkVgaHdmixI/O'
INFO: [Synth 8-5819] Moved 3 constraints on hierarchical pins to their respective driving/loading pins
---------------------------------------------------------------------------------
Finished Applying XDC Timing Constraints : Time (s): cpu = 00:00:35 ; elapsed = 00:00:51 . Memory (MB): peak = 1699.426 ; gain = 524.363 ; free physical = 16378 ; free virtual = 21127
---------------------------------------------------------------------------------
---------------------------------------------------------------------------------
Start Timing Optimization
---------------------------------------------------------------------------------
---------------------------------------------------------------------------------
Finished Timing Optimization : Time (s): cpu = 00:00:36 ; elapsed = 00:00:52 . Memory (MB): peak = 1699.426 ; gain = 524.363 ; free physical = 16364 ; free virtual = 21113
---------------------------------------------------------------------------------

Report RTL Partitions: 
+-+--------------+------------+----------+
| |RTL Partition |Replication |Instances |
+-+--------------+------------+----------+
+-+--------------+------------+----------+
---------------------------------------------------------------------------------
Start Technology Mapping
---------------------------------------------------------------------------------
---------------------------------------------------------------------------------
Finished Technology Mapping : Time (s): cpu = 00:00:36 ; elapsed = 00:00:53 . Memory (MB): peak = 1699.426 ; gain = 524.363 ; free physical = 16365 ; free virtual = 21114
---------------------------------------------------------------------------------

Report RTL Partitions: 
+-+--------------+------------+----------+
| |RTL Partition |Replication |Instances |
+-+--------------+------------+----------+
+-+--------------+------------+----------+
---------------------------------------------------------------------------------
Start IO Insertion
---------------------------------------------------------------------------------
---------------------------------------------------------------------------------
Start Flattening Before IO Insertion
---------------------------------------------------------------------------------
---------------------------------------------------------------------------------
Finished Flattening Before IO Insertion
---------------------------------------------------------------------------------
---------------------------------------------------------------------------------
Start Final Netlist Cleanup
---------------------------------------------------------------------------------
---------------------------------------------------------------------------------
Finished Final Netlist Cleanup
---------------------------------------------------------------------------------
---------------------------------------------------------------------------------
Finished IO Insertion : Time (s): cpu = 00:00:37 ; elapsed = 00:00:53 . Memory (MB): peak = 1699.426 ; gain = 524.363 ; free physical = 16366 ; free virtual = 21115
---------------------------------------------------------------------------------

Report Check Netlist: 
+------+------------------+-------+---------+-------+------------------+
|      |Item              |Errors |Warnings |Status |Description       |
+------+------------------+-------+---------+-------+------------------+
|1     |multi_driven_nets |      0|        0|Passed |Multi driven nets |
+------+------------------+-------+---------+-------+------------------+
---------------------------------------------------------------------------------
Start Renaming Generated Instances
---------------------------------------------------------------------------------
---------------------------------------------------------------------------------
Finished Renaming Generated Instances : Time (s): cpu = 00:00:37 ; elapsed = 00:00:53 . Memory (MB): peak = 1699.426 ; gain = 524.363 ; free physical = 16366 ; free virtual = 21115
---------------------------------------------------------------------------------

Report RTL Partitions: 
+-+--------------+------------+----------+
| |RTL Partition |Replication |Instances |
+-+--------------+------------+----------+
+-+--------------+------------+----------+
---------------------------------------------------------------------------------
Start Rebuilding User Hierarchy
---------------------------------------------------------------------------------
---------------------------------------------------------------------------------
Finished Rebuilding User Hierarchy : Time (s): cpu = 00:00:37 ; elapsed = 00:00:53 . Memory (MB): peak = 1699.426 ; gain = 524.363 ; free physical = 16366 ; free virtual = 21115
---------------------------------------------------------------------------------
---------------------------------------------------------------------------------
Start Renaming Generated Ports
---------------------------------------------------------------------------------
---------------------------------------------------------------------------------
Finished Renaming Generated Ports : Time (s): cpu = 00:00:37 ; elapsed = 00:00:53 . Memory (MB): peak = 1699.426 ; gain = 524.363 ; free physical = 16366 ; free virtual = 21115
---------------------------------------------------------------------------------
---------------------------------------------------------------------------------
Start Handling Custom Attributes
---------------------------------------------------------------------------------
---------------------------------------------------------------------------------
Finished Handling Custom Attributes : Time (s): cpu = 00:00:37 ; elapsed = 00:00:53 . Memory (MB): peak = 1699.426 ; gain = 524.363 ; free physical = 16366 ; free virtual = 21115
---------------------------------------------------------------------------------
---------------------------------------------------------------------------------
Start Renaming Generated Nets
---------------------------------------------------------------------------------
---------------------------------------------------------------------------------
Finished Renaming Generated Nets : Time (s): cpu = 00:00:37 ; elapsed = 00:00:53 . Memory (MB): peak = 1699.426 ; gain = 524.363 ; free physical = 16366 ; free virtual = 21115
---------------------------------------------------------------------------------
---------------------------------------------------------------------------------
Start Writing Synthesis Report
---------------------------------------------------------------------------------

Report BlackBoxes: 
+------+----------------------+----------+
|      |BlackBox name         |Instances |
+------+----------------------+----------+
|1     |clk_vga_hdmi_1024x600 |         1|
+------+----------------------+----------+

Report Cell Usage: 
+------+-----------------------------+------+
|      |Cell                         |Count |
+------+-----------------------------+------+
|1     |clk_vga_hdmi_1024x600_bbox_0 |     1|
|2     |BUFG                         |     1|
|3     |CARRY4                       |    36|
|4     |LUT1                         |     4|
|5     |LUT2                         |   109|
|6     |LUT3                         |   124|
|7     |LUT4                         |    21|
|8     |LUT5                         |    29|
|9     |LUT6                         |    48|
|10    |MUXF7                        |     4|
|11    |OSERDESE2                    |     4|
|12    |OSERDESE2_1                  |     4|
|13    |FDCE                         |    39|
|14    |FDRE                         |    32|
|15    |FDSE                         |     3|
|16    |IBUF                         |     2|
|17    |OBUF                         |     1|
|18    |OBUFDS                       |     4|
+------+-----------------------------+------+

Report Instance Areas: 
+------+--------------------------------------+---------------------+------+
|      |Instance                              |Module               |Cells |
+------+--------------------------------------+---------------------+------+
|1     |top                                   |                     |   468|
|2     |  HdmixI                              |hdmi                 |   402|
|3     |    VgaToHdmixI                       |vga_to_hdmi          |    77|
|4     |      SerializerChannel0xI            |serializer_10_to_1   |     2|
|5     |      SerializerChannel1xI            |serializer_10_to_1_0 |     2|
|6     |      SerializerChannel2xI            |serializer_10_to_1_1 |     2|
|7     |      SerializerChannel3xI            |serializer_10_to_1_2 |     2|
|8     |      TmdsEncoderC0xI                 |tmds_encoder         |    25|
|9     |      TmdsEncoderC1xI                 |tmds_encoder_3       |    20|
|10    |      TmdsEncoderC2xI                 |tmds_encoder_4       |    20|
|11    |    VgaxI                             |vga                  |   321|
|12    |      VgaControlerxI                  |vga_controler        |   321|
|13    |  \ImageGeneratorxB.ImageGeneratorxI  |image_generator      |    63|
+------+--------------------------------------+---------------------+------+
---------------------------------------------------------------------------------
Finished Writing Synthesis Report : Time (s): cpu = 00:00:37 ; elapsed = 00:00:53 . Memory (MB): peak = 1699.426 ; gain = 524.363 ; free physical = 16366 ; free virtual = 21115
---------------------------------------------------------------------------------
Synthesis finished with 0 errors, 0 critical warnings and 2 warnings.
Synthesis Optimization Runtime : Time (s): cpu = 00:00:28 ; elapsed = 00:00:32 . Memory (MB): peak = 1699.426 ; gain = 118.504 ; free physical = 16421 ; free virtual = 21170
Synthesis Optimization Complete : Time (s): cpu = 00:00:37 ; elapsed = 00:00:53 . Memory (MB): peak = 1699.426 ; gain = 524.363 ; free physical = 16425 ; free virtual = 21174
INFO: [Project 1-571] Translating synthesized netlist
INFO: [Netlist 29-17] Analyzing 46 Unisim elements for replacement
INFO: [Netlist 29-28] Unisim Transformation completed in 0 CPU seconds
INFO: [Project 1-570] Preparing netlist for logic optimization
INFO: [Opt 31-138] Pushed 0 inverter(s) to 0 load pin(s).
INFO: [Project 1-111] Unisim Transformation Summary:
No Unisim elements were transformed.

INFO: [Common 17-83] Releasing license: Synthesis
84 Infos, 0 Warnings, 0 Critical Warnings and 0 Errors encountered.
synth_design completed successfully
synth_design: Time (s): cpu = 00:00:40 ; elapsed = 00:00:55 . Memory (MB): peak = 1715.441 ; gain = 553.777 ; free physical = 16422 ; free virtual = 21171
INFO: [Common 17-1381] The checkpoint '/home/quartus/Documents/TP/TP_0/mse_mandelbrot_no_bram/mse_mandelbrot.runs/synth_1/mse_mandelbrot.dcp' has been generated.
INFO: [runtcl-4] Executing : report_utilization -file mse_mandelbrot_utilization_synth.rpt -pb mse_mandelbrot_utilization_synth.pb
report_utilization: Time (s): cpu = 00:00:00.17 ; elapsed = 00:00:00.21 . Memory (MB): peak = 1739.453 ; gain = 0.000 ; free physical = 16422 ; free virtual = 21171
INFO: [Common 17-206] Exiting Vivado at Fri May 11 19:05:40 2018...
