
*** Running vivado
    with args -log blk_mem_gen_0.vds -m64 -product Vivado -mode batch -messageDb vivado.pb -notrace -source blk_mem_gen_0.tcl


****** Vivado v2017.4 (64-bit)
  **** SW Build 2086221 on Fri Dec 15 20:54:30 MST 2017
  **** IP Build 2085800 on Fri Dec 15 22:25:07 MST 2017
    ** Copyright 1986-2017 Xilinx, Inc. All Rights Reserved.

source blk_mem_gen_0.tcl -notrace
Command: synth_design -top blk_mem_gen_0 -part xc7a200tsbg484-1 -mode out_of_context
Starting synth_design
Attempting to get a license for feature 'Synthesis' and/or device 'xc7a200t'
INFO: [Common 17-349] Got license for feature 'Synthesis' and/or device 'xc7a200t'
INFO: Launching helper process for spawning children vivado processes
INFO: Helper process launched with PID 30874 
---------------------------------------------------------------------------------
Starting RTL Elaboration : Time (s): cpu = 00:00:11 ; elapsed = 00:00:16 . Memory (MB): peak = 1306.887 ; gain = 86.996 ; free physical = 506 ; free virtual = 7610
---------------------------------------------------------------------------------
INFO: [Synth 8-638] synthesizing module 'blk_mem_gen_0' [/home/joco/Documents/cours/FPGA/master/nexys_video/mse_mandelbrot/mse_mandelbrot.srcs/sources_1/ip/blk_mem_gen_0/synth/blk_mem_gen_0.vhd:76]
	Parameter C_FAMILY bound to: artix7 - type: string 
	Parameter C_XDEVICEFAMILY bound to: artix7 - type: string 
	Parameter C_ELABORATION_DIR bound to: ./ - type: string 
	Parameter C_INTERFACE_TYPE bound to: 0 - type: integer 
	Parameter C_AXI_TYPE bound to: 1 - type: integer 
	Parameter C_AXI_SLAVE_TYPE bound to: 0 - type: integer 
	Parameter C_USE_BRAM_BLOCK bound to: 0 - type: integer 
	Parameter C_ENABLE_32BIT_ADDRESS bound to: 0 - type: integer 
	Parameter C_CTRL_ECC_ALGO bound to: NONE - type: string 
	Parameter C_HAS_AXI_ID bound to: 0 - type: integer 
	Parameter C_AXI_ID_WIDTH bound to: 4 - type: integer 
	Parameter C_MEM_TYPE bound to: 2 - type: integer 
	Parameter C_BYTE_SIZE bound to: 9 - type: integer 
	Parameter C_ALGORITHM bound to: 1 - type: integer 
	Parameter C_PRIM_TYPE bound to: 1 - type: integer 
	Parameter C_LOAD_INIT_FILE bound to: 0 - type: integer 
	Parameter C_INIT_FILE_NAME bound to: no_coe_file_loaded - type: string 
	Parameter C_INIT_FILE bound to: blk_mem_gen_0.mem - type: string 
	Parameter C_USE_DEFAULT_DATA bound to: 0 - type: integer 
	Parameter C_DEFAULT_DATA bound to: 0 - type: string 
	Parameter C_HAS_RSTA bound to: 0 - type: integer 
	Parameter C_RST_PRIORITY_A bound to: CE - type: string 
	Parameter C_RSTRAM_A bound to: 0 - type: integer 
	Parameter C_INITA_VAL bound to: 0 - type: string 
	Parameter C_HAS_ENA bound to: 1 - type: integer 
	Parameter C_HAS_REGCEA bound to: 0 - type: integer 
	Parameter C_USE_BYTE_WEA bound to: 0 - type: integer 
	Parameter C_WEA_WIDTH bound to: 1 - type: integer 
	Parameter C_WRITE_MODE_A bound to: NO_CHANGE - type: string 
	Parameter C_WRITE_WIDTH_A bound to: 3 - type: integer 
	Parameter C_READ_WIDTH_A bound to: 3 - type: integer 
	Parameter C_WRITE_DEPTH_A bound to: 921600 - type: integer 
	Parameter C_READ_DEPTH_A bound to: 921600 - type: integer 
	Parameter C_ADDRA_WIDTH bound to: 20 - type: integer 
	Parameter C_HAS_RSTB bound to: 0 - type: integer 
	Parameter C_RST_PRIORITY_B bound to: CE - type: string 
	Parameter C_RSTRAM_B bound to: 0 - type: integer 
	Parameter C_INITB_VAL bound to: 0 - type: string 
	Parameter C_HAS_ENB bound to: 1 - type: integer 
	Parameter C_HAS_REGCEB bound to: 0 - type: integer 
	Parameter C_USE_BYTE_WEB bound to: 0 - type: integer 
	Parameter C_WEB_WIDTH bound to: 1 - type: integer 
	Parameter C_WRITE_MODE_B bound to: NO_CHANGE - type: string 
	Parameter C_WRITE_WIDTH_B bound to: 3 - type: integer 
	Parameter C_READ_WIDTH_B bound to: 3 - type: integer 
	Parameter C_WRITE_DEPTH_B bound to: 921600 - type: integer 
	Parameter C_READ_DEPTH_B bound to: 921600 - type: integer 
	Parameter C_ADDRB_WIDTH bound to: 20 - type: integer 
	Parameter C_HAS_MEM_OUTPUT_REGS_A bound to: 0 - type: integer 
	Parameter C_HAS_MEM_OUTPUT_REGS_B bound to: 0 - type: integer 
	Parameter C_HAS_MUX_OUTPUT_REGS_A bound to: 0 - type: integer 
	Parameter C_HAS_MUX_OUTPUT_REGS_B bound to: 0 - type: integer 
	Parameter C_MUX_PIPELINE_STAGES bound to: 0 - type: integer 
	Parameter C_HAS_SOFTECC_INPUT_REGS_A bound to: 0 - type: integer 
	Parameter C_HAS_SOFTECC_OUTPUT_REGS_B bound to: 0 - type: integer 
	Parameter C_USE_SOFTECC bound to: 0 - type: integer 
	Parameter C_USE_ECC bound to: 0 - type: integer 
	Parameter C_EN_ECC_PIPE bound to: 0 - type: integer 
	Parameter C_HAS_INJECTERR bound to: 0 - type: integer 
	Parameter C_SIM_COLLISION_CHECK bound to: ALL - type: string 
	Parameter C_COMMON_CLK bound to: 0 - type: integer 
	Parameter C_DISABLE_WARN_BHV_COLL bound to: 0 - type: integer 
	Parameter C_EN_SLEEP_PIN bound to: 0 - type: integer 
	Parameter C_USE_URAM bound to: 0 - type: integer 
	Parameter C_EN_RDADDRA_CHG bound to: 0 - type: integer 
	Parameter C_EN_RDADDRB_CHG bound to: 0 - type: integer 
	Parameter C_EN_DEEPSLEEP_PIN bound to: 0 - type: integer 
	Parameter C_EN_SHUTDOWN_PIN bound to: 0 - type: integer 
	Parameter C_EN_SAFETY_CKT bound to: 0 - type: integer 
	Parameter C_DISABLE_WARN_BHV_RANGE bound to: 0 - type: integer 
	Parameter C_COUNT_36K_BRAM bound to: 84 - type: string 
	Parameter C_COUNT_18K_BRAM bound to: 2 - type: string 
	Parameter C_EST_POWER_SUMMARY bound to: Estimated Power for IP     :     12.051685 mW - type: string 
INFO: [Synth 8-3491] module 'blk_mem_gen_v8_4_1' declared at '/home/joco/Documents/cours/FPGA/master/nexys_video/mse_mandelbrot/mse_mandelbrot.srcs/sources_1/ip/blk_mem_gen_0/hdl/blk_mem_gen_v8_4_vhsyn_rfs.vhd:195313' bound to instance 'U0' of component 'blk_mem_gen_v8_4_1' [/home/joco/Documents/cours/FPGA/master/nexys_video/mse_mandelbrot/mse_mandelbrot.srcs/sources_1/ip/blk_mem_gen_0/synth/blk_mem_gen_0.vhd:247]
INFO: [Synth 8-256] done synthesizing module 'blk_mem_gen_0' (11#1) [/home/joco/Documents/cours/FPGA/master/nexys_video/mse_mandelbrot/mse_mandelbrot.srcs/sources_1/ip/blk_mem_gen_0/synth/blk_mem_gen_0.vhd:76]
WARNING: [Synth 8-3331] design blk_mem_gen_mux__parameterized0 has unconnected port MUX_RST[0]
WARNING: [Synth 8-3331] design blk_mem_gen_mux__parameterized0 has unconnected port MEM_REG_RST
WARNING: [Synth 8-3331] design blk_mem_gen_mux__parameterized0 has unconnected port MUX_REGCE[0]
WARNING: [Synth 8-3331] design blk_mem_gen_mux__parameterized0 has unconnected port MEM_REGCE
WARNING: [Synth 8-3331] design blk_mem_gen_mux__parameterized0 has unconnected port ADDR_IN[19]
WARNING: [Synth 8-3331] design blk_mem_gen_mux__parameterized0 has unconnected port ADDR_IN[18]
WARNING: [Synth 8-3331] design blk_mem_gen_mux__parameterized0 has unconnected port ADDR_IN[17]
WARNING: [Synth 8-3331] design blk_mem_gen_mux__parameterized0 has unconnected port ADDR_IN[16]
WARNING: [Synth 8-3331] design blk_mem_gen_mux__parameterized0 has unconnected port ADDR_IN[15]
WARNING: [Synth 8-3331] design blk_mem_gen_mux__parameterized0 has unconnected port ADDR_IN[14]
WARNING: [Synth 8-3331] design blk_mem_gen_mux__parameterized0 has unconnected port ADDR_IN[13]
WARNING: [Synth 8-3331] design blk_mem_gen_mux__parameterized0 has unconnected port ADDR_IN[12]
WARNING: [Synth 8-3331] design blk_mem_gen_mux__parameterized0 has unconnected port ADDR_IN[11]
WARNING: [Synth 8-3331] design blk_mem_gen_mux__parameterized0 has unconnected port ADDR_IN[10]
WARNING: [Synth 8-3331] design blk_mem_gen_mux__parameterized0 has unconnected port ADDR_IN[9]
WARNING: [Synth 8-3331] design blk_mem_gen_mux__parameterized0 has unconnected port ADDR_IN[8]
WARNING: [Synth 8-3331] design blk_mem_gen_mux__parameterized0 has unconnected port ADDR_IN[7]
WARNING: [Synth 8-3331] design blk_mem_gen_mux__parameterized0 has unconnected port ADDR_IN[6]
WARNING: [Synth 8-3331] design blk_mem_gen_mux__parameterized0 has unconnected port ADDR_IN[5]
WARNING: [Synth 8-3331] design blk_mem_gen_mux__parameterized0 has unconnected port ADDR_IN[4]
WARNING: [Synth 8-3331] design blk_mem_gen_mux__parameterized0 has unconnected port ADDR_IN[3]
WARNING: [Synth 8-3331] design blk_mem_gen_mux__parameterized0 has unconnected port ADDR_IN[2]
WARNING: [Synth 8-3331] design blk_mem_gen_mux__parameterized0 has unconnected port ADDR_IN[1]
WARNING: [Synth 8-3331] design blk_mem_gen_mux__parameterized0 has unconnected port ADDR_IN[0]
WARNING: [Synth 8-3331] design blk_mem_gen_mux__parameterized0 has unconnected port SBITERRIN[383]
WARNING: [Synth 8-3331] design blk_mem_gen_mux__parameterized0 has unconnected port SBITERRIN[382]
WARNING: [Synth 8-3331] design blk_mem_gen_mux__parameterized0 has unconnected port SBITERRIN[381]
WARNING: [Synth 8-3331] design blk_mem_gen_mux__parameterized0 has unconnected port SBITERRIN[380]
WARNING: [Synth 8-3331] design blk_mem_gen_mux__parameterized0 has unconnected port SBITERRIN[379]
WARNING: [Synth 8-3331] design blk_mem_gen_mux__parameterized0 has unconnected port SBITERRIN[378]
WARNING: [Synth 8-3331] design blk_mem_gen_mux__parameterized0 has unconnected port SBITERRIN[377]
WARNING: [Synth 8-3331] design blk_mem_gen_mux__parameterized0 has unconnected port SBITERRIN[376]
WARNING: [Synth 8-3331] design blk_mem_gen_mux__parameterized0 has unconnected port SBITERRIN[375]
WARNING: [Synth 8-3331] design blk_mem_gen_mux__parameterized0 has unconnected port SBITERRIN[374]
WARNING: [Synth 8-3331] design blk_mem_gen_mux__parameterized0 has unconnected port SBITERRIN[373]
WARNING: [Synth 8-3331] design blk_mem_gen_mux__parameterized0 has unconnected port SBITERRIN[372]
WARNING: [Synth 8-3331] design blk_mem_gen_mux__parameterized0 has unconnected port SBITERRIN[371]
WARNING: [Synth 8-3331] design blk_mem_gen_mux__parameterized0 has unconnected port SBITERRIN[370]
WARNING: [Synth 8-3331] design blk_mem_gen_mux__parameterized0 has unconnected port SBITERRIN[369]
WARNING: [Synth 8-3331] design blk_mem_gen_mux__parameterized0 has unconnected port SBITERRIN[368]
WARNING: [Synth 8-3331] design blk_mem_gen_mux__parameterized0 has unconnected port SBITERRIN[367]
WARNING: [Synth 8-3331] design blk_mem_gen_mux__parameterized0 has unconnected port SBITERRIN[366]
WARNING: [Synth 8-3331] design blk_mem_gen_mux__parameterized0 has unconnected port SBITERRIN[365]
WARNING: [Synth 8-3331] design blk_mem_gen_mux__parameterized0 has unconnected port SBITERRIN[364]
WARNING: [Synth 8-3331] design blk_mem_gen_mux__parameterized0 has unconnected port SBITERRIN[363]
WARNING: [Synth 8-3331] design blk_mem_gen_mux__parameterized0 has unconnected port SBITERRIN[362]
WARNING: [Synth 8-3331] design blk_mem_gen_mux__parameterized0 has unconnected port SBITERRIN[361]
WARNING: [Synth 8-3331] design blk_mem_gen_mux__parameterized0 has unconnected port SBITERRIN[360]
WARNING: [Synth 8-3331] design blk_mem_gen_mux__parameterized0 has unconnected port SBITERRIN[359]
WARNING: [Synth 8-3331] design blk_mem_gen_mux__parameterized0 has unconnected port SBITERRIN[358]
WARNING: [Synth 8-3331] design blk_mem_gen_mux__parameterized0 has unconnected port SBITERRIN[357]
WARNING: [Synth 8-3331] design blk_mem_gen_mux__parameterized0 has unconnected port SBITERRIN[356]
WARNING: [Synth 8-3331] design blk_mem_gen_mux__parameterized0 has unconnected port SBITERRIN[355]
WARNING: [Synth 8-3331] design blk_mem_gen_mux__parameterized0 has unconnected port SBITERRIN[354]
WARNING: [Synth 8-3331] design blk_mem_gen_mux__parameterized0 has unconnected port SBITERRIN[353]
WARNING: [Synth 8-3331] design blk_mem_gen_mux__parameterized0 has unconnected port SBITERRIN[352]
WARNING: [Synth 8-3331] design blk_mem_gen_mux__parameterized0 has unconnected port SBITERRIN[351]
WARNING: [Synth 8-3331] design blk_mem_gen_mux__parameterized0 has unconnected port SBITERRIN[350]
WARNING: [Synth 8-3331] design blk_mem_gen_mux__parameterized0 has unconnected port SBITERRIN[349]
WARNING: [Synth 8-3331] design blk_mem_gen_mux__parameterized0 has unconnected port SBITERRIN[348]
WARNING: [Synth 8-3331] design blk_mem_gen_mux__parameterized0 has unconnected port SBITERRIN[347]
WARNING: [Synth 8-3331] design blk_mem_gen_mux__parameterized0 has unconnected port SBITERRIN[346]
WARNING: [Synth 8-3331] design blk_mem_gen_mux__parameterized0 has unconnected port SBITERRIN[345]
WARNING: [Synth 8-3331] design blk_mem_gen_mux__parameterized0 has unconnected port SBITERRIN[344]
WARNING: [Synth 8-3331] design blk_mem_gen_mux__parameterized0 has unconnected port SBITERRIN[343]
WARNING: [Synth 8-3331] design blk_mem_gen_mux__parameterized0 has unconnected port SBITERRIN[342]
WARNING: [Synth 8-3331] design blk_mem_gen_mux__parameterized0 has unconnected port SBITERRIN[341]
WARNING: [Synth 8-3331] design blk_mem_gen_mux__parameterized0 has unconnected port SBITERRIN[340]
WARNING: [Synth 8-3331] design blk_mem_gen_mux__parameterized0 has unconnected port SBITERRIN[339]
WARNING: [Synth 8-3331] design blk_mem_gen_mux__parameterized0 has unconnected port SBITERRIN[338]
WARNING: [Synth 8-3331] design blk_mem_gen_mux__parameterized0 has unconnected port SBITERRIN[337]
WARNING: [Synth 8-3331] design blk_mem_gen_mux__parameterized0 has unconnected port SBITERRIN[336]
WARNING: [Synth 8-3331] design blk_mem_gen_mux__parameterized0 has unconnected port SBITERRIN[335]
WARNING: [Synth 8-3331] design blk_mem_gen_mux__parameterized0 has unconnected port SBITERRIN[334]
WARNING: [Synth 8-3331] design blk_mem_gen_mux__parameterized0 has unconnected port SBITERRIN[333]
WARNING: [Synth 8-3331] design blk_mem_gen_mux__parameterized0 has unconnected port SBITERRIN[332]
WARNING: [Synth 8-3331] design blk_mem_gen_mux__parameterized0 has unconnected port SBITERRIN[331]
WARNING: [Synth 8-3331] design blk_mem_gen_mux__parameterized0 has unconnected port SBITERRIN[330]
WARNING: [Synth 8-3331] design blk_mem_gen_mux__parameterized0 has unconnected port SBITERRIN[329]
WARNING: [Synth 8-3331] design blk_mem_gen_mux__parameterized0 has unconnected port SBITERRIN[328]
WARNING: [Synth 8-3331] design blk_mem_gen_mux__parameterized0 has unconnected port SBITERRIN[327]
WARNING: [Synth 8-3331] design blk_mem_gen_mux__parameterized0 has unconnected port SBITERRIN[326]
WARNING: [Synth 8-3331] design blk_mem_gen_mux__parameterized0 has unconnected port SBITERRIN[325]
WARNING: [Synth 8-3331] design blk_mem_gen_mux__parameterized0 has unconnected port SBITERRIN[324]
WARNING: [Synth 8-3331] design blk_mem_gen_mux__parameterized0 has unconnected port SBITERRIN[323]
WARNING: [Synth 8-3331] design blk_mem_gen_mux__parameterized0 has unconnected port SBITERRIN[322]
WARNING: [Synth 8-3331] design blk_mem_gen_mux__parameterized0 has unconnected port SBITERRIN[321]
WARNING: [Synth 8-3331] design blk_mem_gen_mux__parameterized0 has unconnected port SBITERRIN[320]
WARNING: [Synth 8-3331] design blk_mem_gen_mux__parameterized0 has unconnected port SBITERRIN[319]
WARNING: [Synth 8-3331] design blk_mem_gen_mux__parameterized0 has unconnected port SBITERRIN[318]
WARNING: [Synth 8-3331] design blk_mem_gen_mux__parameterized0 has unconnected port SBITERRIN[317]
WARNING: [Synth 8-3331] design blk_mem_gen_mux__parameterized0 has unconnected port SBITERRIN[316]
WARNING: [Synth 8-3331] design blk_mem_gen_mux__parameterized0 has unconnected port SBITERRIN[315]
WARNING: [Synth 8-3331] design blk_mem_gen_mux__parameterized0 has unconnected port SBITERRIN[314]
WARNING: [Synth 8-3331] design blk_mem_gen_mux__parameterized0 has unconnected port SBITERRIN[313]
WARNING: [Synth 8-3331] design blk_mem_gen_mux__parameterized0 has unconnected port SBITERRIN[312]
WARNING: [Synth 8-3331] design blk_mem_gen_mux__parameterized0 has unconnected port SBITERRIN[311]
WARNING: [Synth 8-3331] design blk_mem_gen_mux__parameterized0 has unconnected port SBITERRIN[310]
WARNING: [Synth 8-3331] design blk_mem_gen_mux__parameterized0 has unconnected port SBITERRIN[309]
WARNING: [Synth 8-3331] design blk_mem_gen_mux__parameterized0 has unconnected port SBITERRIN[308]
INFO: [Common 17-14] Message 'Synth 8-3331' appears 100 times and further instances of the messages will be disabled. Use the Tcl command set_msg_config to change the current settings.
---------------------------------------------------------------------------------
Finished RTL Elaboration : Time (s): cpu = 00:02:17 ; elapsed = 00:02:28 . Memory (MB): peak = 1522.910 ; gain = 303.020 ; free physical = 428 ; free virtual = 7530
---------------------------------------------------------------------------------

Report Check Netlist: 
+------+------------------+-------+---------+-------+------------------+
|      |Item              |Errors |Warnings |Status |Description       |
+------+------------------+-------+---------+-------+------------------+
|1     |multi_driven_nets |      0|        0|Passed |Multi driven nets |
+------+------------------+-------+---------+-------+------------------+
---------------------------------------------------------------------------------
Finished RTL Optimization Phase 1 : Time (s): cpu = 00:02:18 ; elapsed = 00:02:29 . Memory (MB): peak = 1522.910 ; gain = 303.020 ; free physical = 448 ; free virtual = 7551
---------------------------------------------------------------------------------
INFO: [Netlist 29-17] Analyzing 86 Unisim elements for replacement
INFO: [Netlist 29-28] Unisim Transformation completed in 0 CPU seconds
INFO: [Device 21-403] Loading part xc7a200tsbg484-1
INFO: [Project 1-570] Preparing netlist for logic optimization

Processing XDC Constraints
Initializing timing engine
Parsing XDC File [/home/joco/Documents/cours/FPGA/master/nexys_video/mse_mandelbrot/mse_mandelbrot.srcs/sources_1/ip/blk_mem_gen_0/blk_mem_gen_0_ooc.xdc] for cell 'U0'
Finished Parsing XDC File [/home/joco/Documents/cours/FPGA/master/nexys_video/mse_mandelbrot/mse_mandelbrot.srcs/sources_1/ip/blk_mem_gen_0/blk_mem_gen_0_ooc.xdc] for cell 'U0'
Parsing XDC File [/home/joco/Documents/cours/FPGA/master/nexys_video/mse_mandelbrot/mse_mandelbrot.runs/blk_mem_gen_0_synth_1/dont_touch.xdc]
Finished Parsing XDC File [/home/joco/Documents/cours/FPGA/master/nexys_video/mse_mandelbrot/mse_mandelbrot.runs/blk_mem_gen_0_synth_1/dont_touch.xdc]
Completed Processing XDC Constraints

INFO: [Project 1-111] Unisim Transformation Summary:
No Unisim elements were transformed.

Constraint Validation Runtime : Time (s): cpu = 00:00:00.02 ; elapsed = 00:00:00.01 . Memory (MB): peak = 1761.188 ; gain = 0.000 ; free physical = 162 ; free virtual = 7264
---------------------------------------------------------------------------------
Finished Constraint Validation : Time (s): cpu = 00:02:36 ; elapsed = 00:02:56 . Memory (MB): peak = 1761.188 ; gain = 541.297 ; free physical = 253 ; free virtual = 7355
---------------------------------------------------------------------------------
---------------------------------------------------------------------------------
Start Loading Part and Timing Information
---------------------------------------------------------------------------------
Loading part: xc7a200tsbg484-1
---------------------------------------------------------------------------------
Finished Loading Part and Timing Information : Time (s): cpu = 00:02:36 ; elapsed = 00:02:56 . Memory (MB): peak = 1761.188 ; gain = 541.297 ; free physical = 253 ; free virtual = 7355
---------------------------------------------------------------------------------
---------------------------------------------------------------------------------
Start Applying 'set_property' XDC Constraints
---------------------------------------------------------------------------------
Applied set_property DONT_TOUCH = true for U0. (constraint file  /home/joco/Documents/cours/FPGA/master/nexys_video/mse_mandelbrot/mse_mandelbrot.runs/blk_mem_gen_0_synth_1/dont_touch.xdc, line 9).
---------------------------------------------------------------------------------
Finished applying 'set_property' XDC Constraints : Time (s): cpu = 00:02:36 ; elapsed = 00:02:56 . Memory (MB): peak = 1761.188 ; gain = 541.297 ; free physical = 255 ; free virtual = 7357
---------------------------------------------------------------------------------
---------------------------------------------------------------------------------
Finished RTL Optimization Phase 2 : Time (s): cpu = 00:02:38 ; elapsed = 00:02:58 . Memory (MB): peak = 1761.188 ; gain = 541.297 ; free physical = 244 ; free virtual = 7346
---------------------------------------------------------------------------------

Report RTL Partitions: 
+-+--------------+------------+----------+
| |RTL Partition |Replication |Instances |
+-+--------------+------------+----------+
+-+--------------+------------+----------+
---------------------------------------------------------------------------------
Start RTL Component Statistics 
---------------------------------------------------------------------------------
Detailed RTL Component Info : 
+---Registers : 
	                7 Bit    Registers := 2     
+---Muxes : 
	   2 Input      1 Bit        Muxes := 256   
---------------------------------------------------------------------------------
Finished RTL Component Statistics 
---------------------------------------------------------------------------------
---------------------------------------------------------------------------------
Start RTL Hierarchical Component Statistics 
---------------------------------------------------------------------------------
Hierarchical RTL Component report 
Module bindec 
Detailed RTL Component Info : 
+---Muxes : 
	   2 Input      1 Bit        Muxes := 128   
Module blk_mem_gen_mux 
Detailed RTL Component Info : 
+---Registers : 
	                7 Bit    Registers := 1     
Module blk_mem_gen_mux__parameterized0 
Detailed RTL Component Info : 
+---Registers : 
	                7 Bit    Registers := 1     
---------------------------------------------------------------------------------
Finished RTL Hierarchical Component Statistics
---------------------------------------------------------------------------------
---------------------------------------------------------------------------------
Start Part Resource Summary
---------------------------------------------------------------------------------
Part Resources:
DSPs: 740 (col length:100)
BRAMs: 730 (col length: RAMB18 100 RAMB36 50)
---------------------------------------------------------------------------------
Finished Part Resource Summary
---------------------------------------------------------------------------------
---------------------------------------------------------------------------------
Start Cross Boundary and Area Optimization
---------------------------------------------------------------------------------
---------------------------------------------------------------------------------
Finished Cross Boundary and Area Optimization : Time (s): cpu = 00:02:40 ; elapsed = 00:03:01 . Memory (MB): peak = 1761.188 ; gain = 541.297 ; free physical = 232 ; free virtual = 7335
---------------------------------------------------------------------------------

Report RTL Partitions: 
+-+--------------+------------+----------+
| |RTL Partition |Replication |Instances |
+-+--------------+------------+----------+
+-+--------------+------------+----------+
---------------------------------------------------------------------------------
Start Applying XDC Timing Constraints
---------------------------------------------------------------------------------
---------------------------------------------------------------------------------
Finished Applying XDC Timing Constraints : Time (s): cpu = 00:02:46 ; elapsed = 00:03:09 . Memory (MB): peak = 1761.188 ; gain = 541.297 ; free physical = 135 ; free virtual = 7213
---------------------------------------------------------------------------------
---------------------------------------------------------------------------------
Start Timing Optimization
---------------------------------------------------------------------------------
---------------------------------------------------------------------------------
Finished Timing Optimization : Time (s): cpu = 00:02:46 ; elapsed = 00:03:10 . Memory (MB): peak = 1761.188 ; gain = 541.297 ; free physical = 130 ; free virtual = 7207
---------------------------------------------------------------------------------

Report RTL Partitions: 
+-+--------------+------------+----------+
| |RTL Partition |Replication |Instances |
+-+--------------+------------+----------+
+-+--------------+------------+----------+
---------------------------------------------------------------------------------
Start Technology Mapping
---------------------------------------------------------------------------------
---------------------------------------------------------------------------------
Finished Technology Mapping : Time (s): cpu = 00:02:46 ; elapsed = 00:03:10 . Memory (MB): peak = 1761.188 ; gain = 541.297 ; free physical = 130 ; free virtual = 7208
---------------------------------------------------------------------------------

Report RTL Partitions: 
+-+--------------+------------+----------+
| |RTL Partition |Replication |Instances |
+-+--------------+------------+----------+
+-+--------------+------------+----------+
---------------------------------------------------------------------------------
Start IO Insertion
---------------------------------------------------------------------------------
---------------------------------------------------------------------------------
Start Flattening Before IO Insertion
---------------------------------------------------------------------------------
---------------------------------------------------------------------------------
Finished Flattening Before IO Insertion
---------------------------------------------------------------------------------
---------------------------------------------------------------------------------
Start Final Netlist Cleanup
---------------------------------------------------------------------------------
---------------------------------------------------------------------------------
Finished Final Netlist Cleanup
---------------------------------------------------------------------------------
---------------------------------------------------------------------------------
Finished IO Insertion : Time (s): cpu = 00:02:47 ; elapsed = 00:03:10 . Memory (MB): peak = 1761.188 ; gain = 541.297 ; free physical = 130 ; free virtual = 7208
---------------------------------------------------------------------------------

Report Check Netlist: 
+------+------------------+-------+---------+-------+------------------+
|      |Item              |Errors |Warnings |Status |Description       |
+------+------------------+-------+---------+-------+------------------+
|1     |multi_driven_nets |      0|        0|Passed |Multi driven nets |
+------+------------------+-------+---------+-------+------------------+
---------------------------------------------------------------------------------
Start Renaming Generated Instances
---------------------------------------------------------------------------------
---------------------------------------------------------------------------------
Finished Renaming Generated Instances : Time (s): cpu = 00:02:47 ; elapsed = 00:03:10 . Memory (MB): peak = 1761.188 ; gain = 541.297 ; free physical = 130 ; free virtual = 7208
---------------------------------------------------------------------------------

Report RTL Partitions: 
+-+--------------+------------+----------+
| |RTL Partition |Replication |Instances |
+-+--------------+------------+----------+
+-+--------------+------------+----------+
---------------------------------------------------------------------------------
Start Rebuilding User Hierarchy
---------------------------------------------------------------------------------
---------------------------------------------------------------------------------
Finished Rebuilding User Hierarchy : Time (s): cpu = 00:02:47 ; elapsed = 00:03:10 . Memory (MB): peak = 1761.188 ; gain = 541.297 ; free physical = 130 ; free virtual = 7208
---------------------------------------------------------------------------------
---------------------------------------------------------------------------------
Start Renaming Generated Ports
---------------------------------------------------------------------------------
---------------------------------------------------------------------------------
Finished Renaming Generated Ports : Time (s): cpu = 00:02:47 ; elapsed = 00:03:10 . Memory (MB): peak = 1761.188 ; gain = 541.297 ; free physical = 130 ; free virtual = 7208
---------------------------------------------------------------------------------
---------------------------------------------------------------------------------
Start Handling Custom Attributes
---------------------------------------------------------------------------------
---------------------------------------------------------------------------------
Finished Handling Custom Attributes : Time (s): cpu = 00:02:47 ; elapsed = 00:03:10 . Memory (MB): peak = 1761.188 ; gain = 541.297 ; free physical = 130 ; free virtual = 7208
---------------------------------------------------------------------------------
---------------------------------------------------------------------------------
Start Renaming Generated Nets
---------------------------------------------------------------------------------
---------------------------------------------------------------------------------
Finished Renaming Generated Nets : Time (s): cpu = 00:02:47 ; elapsed = 00:03:10 . Memory (MB): peak = 1761.188 ; gain = 541.297 ; free physical = 130 ; free virtual = 7208
---------------------------------------------------------------------------------
---------------------------------------------------------------------------------
Start Writing Synthesis Report
---------------------------------------------------------------------------------

Report BlackBoxes: 
+-+--------------+----------+
| |BlackBox name |Instances |
+-+--------------+----------+
+-+--------------+----------+

Report Cell Usage: 
+------+-----------+------+
|      |Cell       |Count |
+------+-----------+------+
|1     |LUT2       |     2|
|2     |LUT3       |     6|
|3     |LUT4       |     6|
|4     |LUT5       |    34|
|5     |LUT6       |    24|
|6     |MUXF7      |     6|
|7     |RAMB18E1   |     1|
|8     |RAMB18E1_1 |     1|
|9     |RAMB36E1   |    42|
|10    |RAMB36E1_1 |    42|
|11    |FDRE       |    14|
+------+-----------+------+

Report Instance Areas: 
+------+---------------------------------------------+------------------------------------------+------+
|      |Instance                                     |Module                                    |Cells |
+------+---------------------------------------------+------------------------------------------+------+
|1     |top                                          |                                          |   178|
|2     |  U0                                         |blk_mem_gen_v8_4_1                        |   178|
|3     |    inst_blk_mem_gen                         |blk_mem_gen_v8_4_1_synth                  |   178|
|4     |      \gnbram.gnativebmg.native_blk_mem_gen  |blk_mem_gen_top                           |   178|
|5     |        \valid.cstr                          |blk_mem_gen_generic_cstr                  |   178|
|6     |          \has_mux_a.A                       |blk_mem_gen_mux                           |    29|
|7     |          \has_mux_b.B                       |blk_mem_gen_mux__parameterized0           |    29|
|8     |          \ramloop[0].ram.r                  |blk_mem_gen_prim_width                    |     2|
|9     |            \prim_noinit.ram                 |blk_mem_gen_prim_wrapper                  |     2|
|10    |          \ramloop[10].ram.r                 |blk_mem_gen_prim_width__parameterized9    |     2|
|11    |            \prim_noinit.ram                 |blk_mem_gen_prim_wrapper__parameterized9  |     2|
|12    |          \ramloop[11].ram.r                 |blk_mem_gen_prim_width__parameterized10   |     2|
|13    |            \prim_noinit.ram                 |blk_mem_gen_prim_wrapper__parameterized10 |     2|
|14    |          \ramloop[12].ram.r                 |blk_mem_gen_prim_width__parameterized11   |     2|
|15    |            \prim_noinit.ram                 |blk_mem_gen_prim_wrapper__parameterized11 |     2|
|16    |          \ramloop[13].ram.r                 |blk_mem_gen_prim_width__parameterized12   |     2|
|17    |            \prim_noinit.ram                 |blk_mem_gen_prim_wrapper__parameterized12 |     2|
|18    |          \ramloop[14].ram.r                 |blk_mem_gen_prim_width__parameterized13   |     5|
|19    |            \prim_noinit.ram                 |blk_mem_gen_prim_wrapper__parameterized13 |     5|
|20    |          \ramloop[15].ram.r                 |blk_mem_gen_prim_width__parameterized14   |     4|
|21    |            \prim_noinit.ram                 |blk_mem_gen_prim_wrapper__parameterized14 |     4|
|22    |          \ramloop[16].ram.r                 |blk_mem_gen_prim_width__parameterized15   |     4|
|23    |            \prim_noinit.ram                 |blk_mem_gen_prim_wrapper__parameterized15 |     4|
|24    |          \ramloop[17].ram.r                 |blk_mem_gen_prim_width__parameterized16   |     4|
|25    |            \prim_noinit.ram                 |blk_mem_gen_prim_wrapper__parameterized16 |     4|
|26    |          \ramloop[18].ram.r                 |blk_mem_gen_prim_width__parameterized17   |     4|
|27    |            \prim_noinit.ram                 |blk_mem_gen_prim_wrapper__parameterized17 |     4|
|28    |          \ramloop[19].ram.r                 |blk_mem_gen_prim_width__parameterized18   |     4|
|29    |            \prim_noinit.ram                 |blk_mem_gen_prim_wrapper__parameterized18 |     4|
|30    |          \ramloop[1].ram.r                  |blk_mem_gen_prim_width__parameterized0    |     2|
|31    |            \prim_noinit.ram                 |blk_mem_gen_prim_wrapper__parameterized0  |     2|
|32    |          \ramloop[20].ram.r                 |blk_mem_gen_prim_width__parameterized19   |     4|
|33    |            \prim_noinit.ram                 |blk_mem_gen_prim_wrapper__parameterized19 |     4|
|34    |          \ramloop[21].ram.r                 |blk_mem_gen_prim_width__parameterized20   |     4|
|35    |            \prim_noinit.ram                 |blk_mem_gen_prim_wrapper__parameterized20 |     4|
|36    |          \ramloop[22].ram.r                 |blk_mem_gen_prim_width__parameterized21   |     4|
|37    |            \prim_noinit.ram                 |blk_mem_gen_prim_wrapper__parameterized21 |     4|
|38    |          \ramloop[23].ram.r                 |blk_mem_gen_prim_width__parameterized22   |     4|
|39    |            \prim_noinit.ram                 |blk_mem_gen_prim_wrapper__parameterized22 |     4|
|40    |          \ramloop[24].ram.r                 |blk_mem_gen_prim_width__parameterized23   |     4|
|41    |            \prim_noinit.ram                 |blk_mem_gen_prim_wrapper__parameterized23 |     4|
|42    |          \ramloop[25].ram.r                 |blk_mem_gen_prim_width__parameterized24   |     4|
|43    |            \prim_noinit.ram                 |blk_mem_gen_prim_wrapper__parameterized24 |     4|
|44    |          \ramloop[26].ram.r                 |blk_mem_gen_prim_width__parameterized25   |     4|
|45    |            \prim_noinit.ram                 |blk_mem_gen_prim_wrapper__parameterized25 |     4|
|46    |          \ramloop[27].ram.r                 |blk_mem_gen_prim_width__parameterized26   |     4|
|47    |            \prim_noinit.ram                 |blk_mem_gen_prim_wrapper__parameterized26 |     4|
|48    |          \ramloop[28].ram.r                 |blk_mem_gen_prim_width__parameterized27   |     4|
|49    |            \prim_noinit.ram                 |blk_mem_gen_prim_wrapper__parameterized27 |     4|
|50    |          \ramloop[29].ram.r                 |blk_mem_gen_prim_width__parameterized28   |     3|
|51    |            \prim_noinit.ram                 |blk_mem_gen_prim_wrapper__parameterized28 |     3|
|52    |          \ramloop[2].ram.r                  |blk_mem_gen_prim_width__parameterized1    |     2|
|53    |            \prim_noinit.ram                 |blk_mem_gen_prim_wrapper__parameterized1  |     2|
|54    |          \ramloop[30].ram.r                 |blk_mem_gen_prim_width__parameterized29   |     2|
|55    |            \prim_noinit.ram                 |blk_mem_gen_prim_wrapper__parameterized29 |     2|
|56    |          \ramloop[31].ram.r                 |blk_mem_gen_prim_width__parameterized30   |     2|
|57    |            \prim_noinit.ram                 |blk_mem_gen_prim_wrapper__parameterized30 |     2|
|58    |          \ramloop[32].ram.r                 |blk_mem_gen_prim_width__parameterized31   |     2|
|59    |            \prim_noinit.ram                 |blk_mem_gen_prim_wrapper__parameterized31 |     2|
|60    |          \ramloop[33].ram.r                 |blk_mem_gen_prim_width__parameterized32   |     2|
|61    |            \prim_noinit.ram                 |blk_mem_gen_prim_wrapper__parameterized32 |     2|
|62    |          \ramloop[34].ram.r                 |blk_mem_gen_prim_width__parameterized33   |     2|
|63    |            \prim_noinit.ram                 |blk_mem_gen_prim_wrapper__parameterized33 |     2|
|64    |          \ramloop[35].ram.r                 |blk_mem_gen_prim_width__parameterized34   |     2|
|65    |            \prim_noinit.ram                 |blk_mem_gen_prim_wrapper__parameterized34 |     2|
|66    |          \ramloop[36].ram.r                 |blk_mem_gen_prim_width__parameterized35   |     2|
|67    |            \prim_noinit.ram                 |blk_mem_gen_prim_wrapper__parameterized35 |     2|
|68    |          \ramloop[37].ram.r                 |blk_mem_gen_prim_width__parameterized36   |     2|
|69    |            \prim_noinit.ram                 |blk_mem_gen_prim_wrapper__parameterized36 |     2|
|70    |          \ramloop[38].ram.r                 |blk_mem_gen_prim_width__parameterized37   |     2|
|71    |            \prim_noinit.ram                 |blk_mem_gen_prim_wrapper__parameterized37 |     2|
|72    |          \ramloop[39].ram.r                 |blk_mem_gen_prim_width__parameterized38   |     2|
|73    |            \prim_noinit.ram                 |blk_mem_gen_prim_wrapper__parameterized38 |     2|
|74    |          \ramloop[3].ram.r                  |blk_mem_gen_prim_width__parameterized2    |     2|
|75    |            \prim_noinit.ram                 |blk_mem_gen_prim_wrapper__parameterized2  |     2|
|76    |          \ramloop[40].ram.r                 |blk_mem_gen_prim_width__parameterized39   |     2|
|77    |            \prim_noinit.ram                 |blk_mem_gen_prim_wrapper__parameterized39 |     2|
|78    |          \ramloop[41].ram.r                 |blk_mem_gen_prim_width__parameterized40   |     2|
|79    |            \prim_noinit.ram                 |blk_mem_gen_prim_wrapper__parameterized40 |     2|
|80    |          \ramloop[42].ram.r                 |blk_mem_gen_prim_width__parameterized41   |     2|
|81    |            \prim_noinit.ram                 |blk_mem_gen_prim_wrapper__parameterized41 |     2|
|82    |          \ramloop[43].ram.r                 |blk_mem_gen_prim_width__parameterized42   |     2|
|83    |            \prim_noinit.ram                 |blk_mem_gen_prim_wrapper__parameterized42 |     2|
|84    |          \ramloop[4].ram.r                  |blk_mem_gen_prim_width__parameterized3    |     2|
|85    |            \prim_noinit.ram                 |blk_mem_gen_prim_wrapper__parameterized3  |     2|
|86    |          \ramloop[5].ram.r                  |blk_mem_gen_prim_width__parameterized4    |     2|
|87    |            \prim_noinit.ram                 |blk_mem_gen_prim_wrapper__parameterized4  |     2|
|88    |          \ramloop[6].ram.r                  |blk_mem_gen_prim_width__parameterized5    |     2|
|89    |            \prim_noinit.ram                 |blk_mem_gen_prim_wrapper__parameterized5  |     2|
|90    |          \ramloop[7].ram.r                  |blk_mem_gen_prim_width__parameterized6    |     2|
|91    |            \prim_noinit.ram                 |blk_mem_gen_prim_wrapper__parameterized6  |     2|
|92    |          \ramloop[8].ram.r                  |blk_mem_gen_prim_width__parameterized7    |     2|
|93    |            \prim_noinit.ram                 |blk_mem_gen_prim_wrapper__parameterized7  |     2|
|94    |          \ramloop[9].ram.r                  |blk_mem_gen_prim_width__parameterized8    |     2|
|95    |            \prim_noinit.ram                 |blk_mem_gen_prim_wrapper__parameterized8  |     2|
+------+---------------------------------------------+------------------------------------------+------+
---------------------------------------------------------------------------------
Finished Writing Synthesis Report : Time (s): cpu = 00:02:47 ; elapsed = 00:03:10 . Memory (MB): peak = 1761.188 ; gain = 541.297 ; free physical = 130 ; free virtual = 7208
---------------------------------------------------------------------------------
Synthesis finished with 0 errors, 0 critical warnings and 121 warnings.
Synthesis Optimization Runtime : Time (s): cpu = 00:02:37 ; elapsed = 00:02:52 . Memory (MB): peak = 1761.188 ; gain = 303.020 ; free physical = 178 ; free virtual = 7256
Synthesis Optimization Complete : Time (s): cpu = 00:02:47 ; elapsed = 00:03:11 . Memory (MB): peak = 1761.195 ; gain = 541.297 ; free physical = 178 ; free virtual = 7256
INFO: [Project 1-571] Translating synthesized netlist
INFO: [Netlist 29-17] Analyzing 92 Unisim elements for replacement
INFO: [Netlist 29-28] Unisim Transformation completed in 0 CPU seconds
INFO: [Project 1-570] Preparing netlist for logic optimization
INFO: [Opt 31-138] Pushed 0 inverter(s) to 0 load pin(s).
INFO: [Project 1-111] Unisim Transformation Summary:
No Unisim elements were transformed.

INFO: [Common 17-83] Releasing license: Synthesis
17 Infos, 100 Warnings, 0 Critical Warnings and 0 Errors encountered.
synth_design completed successfully
synth_design: Time (s): cpu = 00:02:49 ; elapsed = 00:03:12 . Memory (MB): peak = 1761.195 ; gain = 566.133 ; free physical = 216 ; free virtual = 7284
INFO: [Common 17-1381] The checkpoint '/home/joco/Documents/cours/FPGA/master/nexys_video/mse_mandelbrot/mse_mandelbrot.runs/blk_mem_gen_0_synth_1/blk_mem_gen_0.dcp' has been generated.
