Copyright 1986-2017 Xilinx, Inc. All Rights Reserved.
------------------------------------------------------------------------------------------------------------------------------------
| Tool Version : Vivado v.2017.4 (lin64) Build 2086221 Fri Dec 15 20:54:30 MST 2017
| Date         : Fri May 11 19:07:32 2018
| Host         : quartus running 64-bit Debian GNU/Linux 9.4 (stretch)
| Command      : report_drc -file mse_mandelbrot_drc_routed.rpt -pb mse_mandelbrot_drc_routed.pb -rpx mse_mandelbrot_drc_routed.rpx
| Design       : mse_mandelbrot
| Device       : xc7a200tsbg484-1
| Speed File   : -1
| Design State : Routed
------------------------------------------------------------------------------------------------------------------------------------

Report DRC

Table of Contents
-----------------
1. REPORT SUMMARY
2. REPORT DETAILS

1. REPORT SUMMARY
-----------------
            Netlist: netlist
          Floorplan: design_1
      Design limits: <entire design considered>
           Ruledeck: default
             Max violations: <unlimited>
             Violations found: 9
+----------+----------+-----------------------------------------------------+------------+
| Rule     | Severity | Description                                         | Violations |
+----------+----------+-----------------------------------------------------+------------+
| AVAL-70  | Warning  | OSERDES_DataRateTqTriWidth                          | 8          |
| CFGBVS-1 | Warning  | Missing CFGBVS and CONFIG_VOLTAGE Design Properties | 1          |
+----------+----------+-----------------------------------------------------+------------+

2. REPORT DETAILS
-----------------
AVAL-70#1 Warning
OSERDES_DataRateTqTriWidth  
Unexpected programming for HdmixI/VgaToHdmixI/SerializerChannel0xI/MasterOSERDESE2xI with TRISTATE_WIDTH. DATA_RATE_TQ set DDR expects TRISTATE_WIDTH to be set 4
Related violations: <none>

AVAL-70#2 Warning
OSERDES_DataRateTqTriWidth  
Unexpected programming for HdmixI/VgaToHdmixI/SerializerChannel0xI/SlaveOSERDESE2xI with TRISTATE_WIDTH. DATA_RATE_TQ set DDR expects TRISTATE_WIDTH to be set 4
Related violations: <none>

AVAL-70#3 Warning
OSERDES_DataRateTqTriWidth  
Unexpected programming for HdmixI/VgaToHdmixI/SerializerChannel1xI/MasterOSERDESE2xI with TRISTATE_WIDTH. DATA_RATE_TQ set DDR expects TRISTATE_WIDTH to be set 4
Related violations: <none>

AVAL-70#4 Warning
OSERDES_DataRateTqTriWidth  
Unexpected programming for HdmixI/VgaToHdmixI/SerializerChannel1xI/SlaveOSERDESE2xI with TRISTATE_WIDTH. DATA_RATE_TQ set DDR expects TRISTATE_WIDTH to be set 4
Related violations: <none>

AVAL-70#5 Warning
OSERDES_DataRateTqTriWidth  
Unexpected programming for HdmixI/VgaToHdmixI/SerializerChannel2xI/MasterOSERDESE2xI with TRISTATE_WIDTH. DATA_RATE_TQ set DDR expects TRISTATE_WIDTH to be set 4
Related violations: <none>

AVAL-70#6 Warning
OSERDES_DataRateTqTriWidth  
Unexpected programming for HdmixI/VgaToHdmixI/SerializerChannel2xI/SlaveOSERDESE2xI with TRISTATE_WIDTH. DATA_RATE_TQ set DDR expects TRISTATE_WIDTH to be set 4
Related violations: <none>

AVAL-70#7 Warning
OSERDES_DataRateTqTriWidth  
Unexpected programming for HdmixI/VgaToHdmixI/SerializerChannel3xI/MasterOSERDESE2xI with TRISTATE_WIDTH. DATA_RATE_TQ set DDR expects TRISTATE_WIDTH to be set 4
Related violations: <none>

AVAL-70#8 Warning
OSERDES_DataRateTqTriWidth  
Unexpected programming for HdmixI/VgaToHdmixI/SerializerChannel3xI/SlaveOSERDESE2xI with TRISTATE_WIDTH. DATA_RATE_TQ set DDR expects TRISTATE_WIDTH to be set 4
Related violations: <none>

CFGBVS-1#1 Warning
Missing CFGBVS and CONFIG_VOLTAGE Design Properties  
Neither the CFGBVS nor CONFIG_VOLTAGE voltage property is set in the current_design.  Configuration bank voltage select (CFGBVS) must be set to VCCO or GND, and CONFIG_VOLTAGE must be set to the correct configuration voltage, in order to determine the I/O voltage support for the pins in bank 0.  It is suggested to specify these either using the 'Edit Device Properties' function in the GUI or directly in the XDC file using the following syntax:

 set_property CFGBVS value1 [current_design]
 #where value1 is either VCCO or GND

 set_property CONFIG_VOLTAGE value2 [current_design]
 #where value2 is the voltage provided to configuration bank 0

Refer to the device configuration user guide for more information.
Related violations: <none>


